\BOOKMARK [1][-]{section.1}{\376\377\000I\000n\000t\000r\000o\000d\000u\000c\000c\000i\000\363\000n}{}% 1
\BOOKMARK [2][-]{subsection.1.1}{\376\377\000E\000n\000\040\000q\000u\000\351\000\040\000c\000o\000n\000s\000i\000s\000t\000e\000\040\000l\000a\000\040\000o\000f\000u\000s\000c\000a\000c\000i\000\363\000n}{section.1}% 2
\BOOKMARK [1][-]{section.2}{\376\377\000D\000i\000a\000g\000r\000a\000m\000a\000\040\000e\000v\000o\000l\000u\000t\000i\000v\000o\000\040\000d\000e\000l\000\040\000m\000a\000l\000w\000a\000r\000e}{}% 3
\BOOKMARK [1][-]{section.3}{\376\377\000T\000i\000p\000o\000s\000\040\000d\000e\000\040\000O\000f\000u\000s\000c\000a\000c\000i\000\363\000n\000\040\000d\000e\000\040\000M\000a\000l\000w\000a\000r\000e}{}% 4
\BOOKMARK [2][-]{subsection.3.1}{\376\377\000P\000a\000c\000k\000i\000n\000g}{section.3}% 5
\BOOKMARK [2][-]{subsection.3.2}{\376\377\000D\000e\000a\000d\000-\000C\000o\000d\000e\000\040\000I\000n\000s\000e\000r\000t\000i\000o\000n}{section.3}% 6
\BOOKMARK [2][-]{subsection.3.3}{\376\377\000X\000O\000R}{section.3}% 7
\BOOKMARK [2][-]{subsection.3.4}{\376\377\000R\000e\000g\000i\000s\000t\000e\000r\000\040\000r\000e\000a\000s\000s\000i\000g\000n\000m\000e\000n\000t}{section.3}% 8
\BOOKMARK [2][-]{subsection.3.5}{\376\377\000S\000u\000b\000r\000o\000u\000t\000i\000n\000e\000\040\000r\000e\000o\000r\000d\000e\000r\000i\000n\000g}{section.3}% 9
\BOOKMARK [2][-]{subsection.3.6}{\376\377\000I\000n\000s\000t\000r\000u\000c\000t\000i\000o\000n\000\040\000S\000u\000b\000s\000t\000i\000t\000u\000t\000i\000o\000n}{section.3}% 10
\BOOKMARK [2][-]{subsection.3.7}{\376\377\000B\000a\000s\000e\0006\0004}{section.3}% 11
\BOOKMARK [2][-]{subsection.3.8}{\376\377\000C\000o\000d\000e\000\040\000T\000r\000a\000n\000s\000p\000o\000s\000i\000t\000i\000o\000n}{section.3}% 12
\BOOKMARK [2][-]{subsection.3.9}{\376\377\000C\000o\000d\000e\000\040\000i\000n\000t\000e\000g\000r\000a\000t\000i\000o\000n}{section.3}% 13
\BOOKMARK [2][-]{subsection.3.10}{\376\377\000M\000B\000A\000\040\000E\000x\000p\000r\000e\000s\000s\000i\000o\000n\000s}{section.3}% 14
\BOOKMARK [2][-]{subsection.3.11}{\376\377\000O\000p\000a\000q\000u\000e\000\040\000E\000x\000p\000r\000e\000s\000s\000i\000o\000n\000s}{section.3}% 15
\BOOKMARK [1][-]{section.4}{\376\377\000E\000n\000c\000r\000i\000p\000t\000a\000c\000i\000\363\000n\000,\000\040\000C\000o\000m\000p\000r\000e\000s\000i\000\363\000n\000\040\000y\000\040\000M\000e\000t\000a\000m\000o\000r\000f\000i\000s\000m\000o}{}% 16
\BOOKMARK [2][-]{subsection.4.1}{\376\377\000O\000l\000i\000g\000o\000m\000o\000r\000p\000h\000i\000s\000m}{section.4}% 17
\BOOKMARK [2][-]{subsection.4.2}{\376\377\000P\000o\000l\000y\000m\000o\000r\000p\000h\000i\000s\000m}{section.4}% 18
\BOOKMARK [2][-]{subsection.4.3}{\376\377\000M\000e\000t\000a\000m\000o\000r\000p\000h\000i\000s\000m}{section.4}% 19
\BOOKMARK [2][-]{subsection.4.4}{\376\377\000M\000e\000t\000a\000m\000o\000r\000p\000h\000i\000c\000\040\000E\000n\000g\000i\000n\000e}{section.4}% 20
\BOOKMARK [3][-]{subsubsection.4.4.1}{\376\377\000P\000a\000s\000o\000s\000\040\000d\000e\000l\000\040\000M\000o\000t\000o\000r\000\040\000M\000e\000t\000a\000m\000\363\000r\000f\000i\000c\000o\000\040\000p\000a\000r\000a\000\040\000d\000e\000s\000e\000n\000c\000r\000i\000p\000t\000a\000r}{subsection.4.4}% 21
\BOOKMARK [2][-]{subsection.4.5}{\376\377\000E\000n\000c\000r\000y\000p\000t\000i\000o\000n}{section.4}% 22
\BOOKMARK [2][-]{subsection.4.6}{\376\377\000C\000o\000m\000p\000r\000e\000s\000s\000i\000o\000n}{section.4}% 23
\BOOKMARK [1][-]{section.5}{\376\377\000A\000n\000\341\000l\000i\000s\000i\000s\000\040\000d\000e\000\040\000E\000n\000t\000r\000o\000p\000\355\000a}{}% 24
\BOOKMARK [1][-]{section.6}{\376\377\000I\000m\000p\000o\000r\000t\000a\000n\000c\000i\000a\000\040\000d\000e\000\040\000l\000a\000s\000\040\000a\000m\000e\000n\000a\000z\000a\000s\000\040\000d\000e\000\040\000J\000a\000v\000a\000s\000c\000r\000i\000p\000t\000\040\000e\000n\000\040\000W\000i\000n\000d\000o\000w\000s}{}% 25
\BOOKMARK [2][-]{subsection.6.1}{\376\377\000W\000J\000w\000o\000r\000m}{section.6}% 26
\BOOKMARK [2][-]{subsection.6.2}{\376\377\000W\000S\000H\000R\000a\000t}{section.6}% 27
\BOOKMARK [2][-]{subsection.6.3}{\376\377\000S\000T\000R\000R\000A\000T}{section.6}% 28
\BOOKMARK [2][-]{subsection.6.4}{\376\377\000B\000l\000a\000c\000k\000B\000y\000t\000e\000\040\000R\000a\000n\000s\000o\000m\000w\000a\000r\000e}{section.6}% 29
\BOOKMARK [2][-]{subsection.6.5}{\376\377\000C\000a\000r\000b\000a\000n\000a\000k\000/\000F\000I\000N\0007\000\040\000J\000a\000v\000a\000S\000c\000r\000i\000p\000t\000\040\000B\000a\000c\000k\000d\000o\000o\000r}{section.6}% 30
\BOOKMARK [1][-]{section.7}{\376\377\000P\000a\000s\000o\000s\000\040\000p\000a\000r\000a\000\040\000D\000e\000s\000o\000f\000u\000s\000c\000a\000r\000\040\000u\000n\000\040\000C\000\363\000d\000i\000g\000o\000\040\000M\000a\000l\000w\000a\000r\000e\000\040\000e\000n\000\040\000J\000a\000v\000a\000S\000c\000r\000i\000p\000t}{}% 31
\BOOKMARK [2][-]{subsection.7.1}{\376\377\000J\000a\000v\000a\000S\000c\000r\000i\000p\000t\000\040\000B\000e\000a\000u\000t\000i\000f\000u\000l\000l\000y}{section.7}% 32
\BOOKMARK [2][-]{subsection.7.2}{\376\377\000I\000I\000F\000E\000:\000\040\000I\000m\000m\000e\000d\000i\000a\000t\000e\000l\000y\000\040\000I\000n\000f\000o\000k\000e\000d\000\040\000F\000u\000n\000c\000t\000i\000o\000n\000\040\000E\000x\000p\000r\000e\000s\000s\000i\000o\000n}{section.7}% 33
\BOOKMARK [2][-]{subsection.7.3}{\376\377\000E\000x\000p\000r\000e\000s\000i\000o\000n\000e\000s\000,\000\040\000o\000p\000e\000r\000a\000d\000o\000r\000\040\000c\000o\000m\000a\000,\000\040\000p\000a\000r\000s\000e\000I\000n\000t\000\050\000\051\000\040\000y\000\040\000t\000o\000S\000t\000r\000i\000n\000g\000\050\000\051}{section.7}% 34
\BOOKMARK [2][-]{subsection.7.4}{\376\377\000C\000o\000n\000s\000i\000g\000u\000i\000e\000n\000d\000o\000\040\000e\000l\000\040\000c\000o\000n\000s\000t\000r\000u\000c\000t\000o\000r\000\040\000d\000e\000\040\000l\000a\000\040\000f\000u\000n\000c\000i\000\363\000n}{section.7}% 35
\BOOKMARK [2][-]{subsection.7.5}{\376\377\000O\000p\000e\000r\000a\000d\000o\000r\000e\000s\000\040\000L\000\363\000g\000i\000c\000o\000s}{section.7}% 36
\BOOKMARK [2][-]{subsection.7.6}{\376\377\000B\000a\000s\000e\0006\0004}{section.7}% 37
\BOOKMARK [1][-]{section.8}{\376\377\000B\000i\000b\000l\000i\000o\000g\000r\000a\000f\000\355\000a}{}% 38
